Base path: C:/Program Files (x86)/Unity/Editor/Data
Pipe name: \\.\pipe\UnityShaderCompiler-1-3340
Cmd: getPlatforms
Cmd: preprocess
  insize=2350 outsize=1281 ok=1
Cmd: compileSnippet
  api=4 type=0 insize=6808 outsize=5678 kw=DIRECTIONAL SHADOWS_OFF LIGHTMAP_OFF DIRLIGHTMAP_OFF ok=1
Cmd: compileSnippet
  api=4 type=1 insize=6808 outsize=4248 kw=DIRECTIONAL SHADOWS_OFF LIGHTMAP_OFF DIRLIGHTMAP_OFF ok=1
Cmd: compileSnippet
  api=4 type=0 insize=3744 outsize=3630 kw=POINT ok=1
Cmd: compileSnippet
  api=4 type=1 insize=3744 outsize=3419 kw=POINT ok=1
Cmd: compileSnippet
  api=4 type=0 insize=3744 outsize=2850 kw=DIRECTIONAL ok=1
Cmd: compileSnippet
  api=4 type=1 insize=3744 outsize=2948 kw=DIRECTIONAL ok=1
Cmd: preprocess
  insize=1346 outsize=1196 ok=1
Cmd: compileSnippet
  api=4 type=0 insize=5518 outsize=4232 kw=DIRECTIONAL LIGHTMAP_OFF DIRLIGHTMAP_OFF ok=1
Cmd: compileSnippet
  api=4 type=1 insize=5518 outsize=3590 kw=DIRECTIONAL LIGHTMAP_OFF DIRLIGHTMAP_OFF ok=1
Cmd: compileSnippet
  api=4 type=0 insize=3072 outsize=3720 kw=POINT ok=1
Cmd: compileSnippet
  api=4 type=1 insize=3072 outsize=3370 kw=POINT ok=1
Cmd: compileSnippet
  api=4 type=0 insize=3072 outsize=2940 kw=DIRECTIONAL ok=1
Cmd: compileSnippet
  api=4 type=1 insize=3072 outsize=2899 kw=DIRECTIONAL ok=1
Cmd: preprocess
  error: 2 plat 1 at (45): undefined variable "_Prominence"
  insize=1414 outsize=92190 ok=0
Cmd: preprocess
  error: 2 plat 12 at (30): Syntax error
  error: 2 plat 12 at (36): Syntax error
  error: 2 plat 12 at (38): Syntax error
  insize=1434 outsize=718 ok=0
Cmd: preprocess
  insize=1435 outsize=1250 ok=1
Cmd: compileSnippet
  api=4 type=0 insize=5553 outsize=4232 kw=DIRECTIONAL LIGHTMAP_OFF DIRLIGHTMAP_OFF ok=1
Cmd: compileSnippet
  api=4 type=1 insize=5553 outsize=3655 kw=DIRECTIONAL LIGHTMAP_OFF DIRLIGHTMAP_OFF ok=1
Cmd: compileSnippet
  api=4 type=0 insize=3107 outsize=3720 kw=POINT ok=1
Cmd: compileSnippet
  api=4 type=1 insize=3107 outsize=3435 kw=POINT ok=1
Cmd: compileSnippet
  api=4 type=0 insize=3107 outsize=2940 kw=DIRECTIONAL ok=1
Cmd: compileSnippet
  api=4 type=1 insize=3107 outsize=2964 kw=DIRECTIONAL ok=1
Cmd: preprocess
  error: 2 plat 12 at (17): #pragma surface does not allow specifying other programs
  error: 2 plat 12 at (37): Syntax error
  error: 2 plat 12 at (40): Syntax error
  error: 2 plat 12 at (48): Syntax error
  insize=1817 outsize=718 ok=0
Cmd: preprocess
  error: 2 plat 12 at (17): #pragma surface does not allow specifying other programs
  error: 2 plat 12 at (17): Surface shader vertex function 'vert' #0 parameter has wrong modifier; has no modifier but needs 'inout' at 'vertexInput v'
  insize=1822 outsize=797 ok=0
Cmd: preprocess
  error: 2 plat 12 at (17): #pragma surface does not allow specifying other programs
  error: 2 plat 12 at (17): Surface shader vertex function 'vert' not found
  insize=1477 outsize=721 ok=0
Cmd: preprocess
  insize=1431 outsize=1250 ok=1
Cmd: compileSnippet
  api=4 type=0 insize=5549 outsize=4232 kw=DIRECTIONAL LIGHTMAP_OFF DIRLIGHTMAP_OFF ok=1
Cmd: compileSnippet
  api=4 type=1 insize=5549 outsize=3655 kw=DIRECTIONAL LIGHTMAP_OFF DIRLIGHTMAP_OFF ok=1
Cmd: compileSnippet
  api=4 type=0 insize=3103 outsize=3720 kw=POINT ok=1
Cmd: compileSnippet
  api=4 type=1 insize=3103 outsize=3435 kw=POINT ok=1
Cmd: compileSnippet
  api=4 type=0 insize=3103 outsize=2940 kw=DIRECTIONAL ok=1
Cmd: compileSnippet
  api=4 type=1 insize=3103 outsize=2964 kw=DIRECTIONAL ok=1
Cmd: preprocess
  insize=946 outsize=1250 ok=1
Cmd: compileSnippet
  api=4 type=0 insize=4835 outsize=2875 kw=DIRECTIONAL LIGHTMAP_OFF DIRLIGHTMAP_OFF ok=1
Cmd: compileSnippet
  api=4 type=1 insize=4835 outsize=608 kw=DIRECTIONAL LIGHTMAP_OFF DIRLIGHTMAP_OFF ok=1
Cmd: compileSnippet
  api=4 type=0 insize=2405 outsize=2867 kw=POINT ok=1
Cmd: compileSnippet
  api=4 type=1 insize=2405 outsize=657 kw=POINT ok=1
Cmd: compileSnippet
  api=4 type=0 insize=2405 outsize=2119 kw=DIRECTIONAL ok=1
Cmd: compileSnippet
  api=4 type=1 insize=2405 outsize=608 kw=DIRECTIONAL ok=1
Cmd: preprocess
  insize=1043 outsize=1249 ok=1
Cmd: compileSnippet
  api=4 type=0 insize=5095 outsize=3094 kw=DIRECTIONAL LIGHTMAP_OFF DIRLIGHTMAP_OFF ok=1
Cmd: compileSnippet
  api=4 type=1 insize=5095 outsize=1355 kw=DIRECTIONAL LIGHTMAP_OFF DIRLIGHTMAP_OFF ok=1
Cmd: compileSnippet
  api=4 type=0 insize=2637 outsize=3053 kw=POINT ok=1
Cmd: compileSnippet
  api=4 type=1 insize=2637 outsize=1713 kw=POINT ok=1
Cmd: compileSnippet
  api=4 type=0 insize=2637 outsize=2338 kw=DIRECTIONAL ok=1
Cmd: compileSnippet
  api=4 type=1 insize=2637 outsize=1242 kw=DIRECTIONAL ok=1
Cmd: preprocess
  insize=1431 outsize=1250 ok=1
Cmd: preprocess
  error: 2 plat 1 at (33): undefined variable "dor" unable to find compatible overloaded function "max(int, error)"
  error: 1 plat 1 at (55): implicit cast from "float3" to "half"
  error: 1 plat 1 at (66): implicit cast from "half3" to "half"
  insize=1841 outsize=88426 ok=0
Cmd: preprocess
  error: 2 plat 1 at (33): undefined variable "dor" unable to find compatible overloaded function "max(int, error)"
  error: 1 plat 1 at (60): implicit cast from "half3" to "half"
  insize=1453 outsize=88038 ok=0
Cmd: preprocess
  insize=1453 outsize=1250 ok=1
Cmd: compileSnippet
  api=4 type=0 insize=5141 outsize=3094 kw=DIRECTIONAL LIGHTMAP_OFF DIRLIGHTMAP_OFF ok=1
Cmd: compileSnippet
  api=4 type=1 insize=5141 outsize=2046 kw=DIRECTIONAL LIGHTMAP_OFF DIRLIGHTMAP_OFF ok=1
Cmd: compileSnippet
  api=4 type=0 insize=3067 outsize=3053 kw=POINT ok=1
Cmd: compileSnippet
  api=4 type=1 insize=3067 outsize=2363 kw=POINT ok=1
Cmd: compileSnippet
  api=4 type=0 insize=3067 outsize=2338 kw=DIRECTIONAL ok=1
Cmd: compileSnippet
  api=4 type=1 insize=3067 outsize=1924 kw=DIRECTIONAL ok=1
Cmd: preprocess
  insize=1447 outsize=1183 ok=1
Cmd: compileSnippet
  api=4 type=0 insize=5113 outsize=3094 kw=DIRECTIONAL SHADOWS_OFF LIGHTMAP_OFF DIRLIGHTMAP_OFF ok=1
Cmd: compileSnippet
  api=4 type=1 insize=5113 outsize=2046 kw=DIRECTIONAL SHADOWS_OFF LIGHTMAP_OFF DIRLIGHTMAP_OFF ok=1
Cmd: compileSnippet
  api=4 type=0 insize=3057 outsize=3053 kw=POINT ok=1
Cmd: compileSnippet
  api=4 type=1 insize=3057 outsize=2363 kw=POINT ok=1
Cmd: compileSnippet
  api=4 type=0 insize=3057 outsize=2338 kw=DIRECTIONAL ok=1
Cmd: compileSnippet
  api=4 type=1 insize=3057 outsize=1924 kw=DIRECTIONAL ok=1
Cmd: preprocess
  insize=1835 outsize=1184 ok=1
Cmd: compileSnippet
  api=4 type=0 insize=5858 outsize=4232 kw=DIRECTIONAL SHADOWS_OFF LIGHTMAP_OFF DIRLIGHTMAP_OFF ok=1
Cmd: compileSnippet
  api=4 type=1 insize=5858 outsize=3468 kw=DIRECTIONAL SHADOWS_OFF LIGHTMAP_OFF DIRLIGHTMAP_OFF ok=1
Cmd: compileSnippet
  api=4 type=0 insize=3491 outsize=3720 kw=POINT ok=1
Cmd: compileSnippet
  api=4 type=1 insize=3491 outsize=2761 kw=POINT ok=1
Cmd: compileSnippet
  api=4 type=0 insize=3491 outsize=2940 kw=DIRECTIONAL ok=1
Cmd: compileSnippet
  api=4 type=1 insize=3491 outsize=2290 kw=DIRECTIONAL ok=1
Cmd: preprocess
  insize=1817 outsize=1183 ok=1
Cmd: compileSnippet
  api=4 type=0 insize=5840 outsize=4232 kw=DIRECTIONAL SHADOWS_OFF LIGHTMAP_OFF DIRLIGHTMAP_OFF ok=1
Cmd: compileSnippet
  api=4 type=1 insize=5840 outsize=3151 kw=DIRECTIONAL SHADOWS_OFF LIGHTMAP_OFF DIRLIGHTMAP_OFF ok=1
Cmd: compileSnippet
  api=4 type=0 insize=3473 outsize=3720 kw=POINT ok=1
Cmd: compileSnippet
  api=4 type=1 insize=3473 outsize=2761 kw=POINT ok=1
Cmd: compileSnippet
  api=4 type=0 insize=3473 outsize=2940 kw=DIRECTIONAL ok=1
Cmd: compileSnippet
  api=4 type=1 insize=3473 outsize=2290 kw=DIRECTIONAL ok=1
Cmd: preprocess
  insize=1732 outsize=1183 ok=1
Cmd: compileSnippet
  api=4 type=0 insize=5755 outsize=4232 kw=DIRECTIONAL SHADOWS_OFF LIGHTMAP_OFF DIRLIGHTMAP_OFF ok=1
Cmd: compileSnippet
  api=4 type=1 insize=5755 outsize=3192 kw=DIRECTIONAL SHADOWS_OFF LIGHTMAP_OFF DIRLIGHTMAP_OFF ok=1
Cmd: compileSnippet
  api=4 type=0 insize=3388 outsize=3720 kw=POINT ok=1
Cmd: compileSnippet
  api=4 type=1 insize=3388 outsize=2761 kw=POINT ok=1
Cmd: compileSnippet
  api=4 type=0 insize=3388 outsize=2940 kw=DIRECTIONAL ok=1
Cmd: compileSnippet
  api=4 type=1 insize=3388 outsize=2290 kw=DIRECTIONAL ok=1
Cmd: preprocess
  insize=1829 outsize=1183 ok=1
Cmd: compileSnippet
  api=4 type=0 insize=5852 outsize=4232 kw=DIRECTIONAL SHADOWS_OFF LIGHTMAP_OFF DIRLIGHTMAP_OFF ok=1
Cmd: compileSnippet
  api=4 type=1 insize=5852 outsize=3192 kw=DIRECTIONAL SHADOWS_OFF LIGHTMAP_OFF DIRLIGHTMAP_OFF ok=1
Cmd: compileSnippet
  api=4 type=0 insize=3485 outsize=3720 kw=POINT ok=1
Cmd: compileSnippet
  api=4 type=1 insize=3485 outsize=2761 kw=POINT ok=1
Cmd: compileSnippet
  api=4 type=0 insize=3485 outsize=2940 kw=DIRECTIONAL ok=1
Cmd: compileSnippet
  api=4 type=1 insize=3485 outsize=2290 kw=DIRECTIONAL ok=1
Cmd: preprocess
  insize=1835 outsize=1184 ok=1
Cmd: preprocess
  insize=1794 outsize=1143 ok=1
Cmd: preprocess
  insize=1813 outsize=1142 ok=1
Cmd: compileSnippet
  api=4 type=0 insize=5877 outsize=4232 kw=DIRECTIONAL SHADOWS_OFF LIGHTMAP_OFF DIRLIGHTMAP_OFF ok=1
Cmd: compileSnippet
  api=4 type=1 insize=5877 outsize=3517 kw=DIRECTIONAL SHADOWS_OFF LIGHTMAP_OFF DIRLIGHTMAP_OFF ok=1
Cmd: compileSnippet
  api=4 type=0 insize=3510 outsize=3720 kw=POINT ok=1
Cmd: compileSnippet
  api=4 type=1 insize=3510 outsize=2785 kw=POINT ok=1
Cmd: compileSnippet
  api=4 type=0 insize=3510 outsize=2940 kw=DIRECTIONAL ok=1
Cmd: compileSnippet
  api=4 type=1 insize=3510 outsize=2338 kw=DIRECTIONAL ok=1
Cmd: preprocess
  insize=1848 outsize=1142 ok=1
Cmd: compileSnippet
  api=4 type=0 insize=5912 outsize=4232 kw=DIRECTIONAL SHADOWS_OFF LIGHTMAP_OFF DIRLIGHTMAP_OFF ok=1
Cmd: compileSnippet
  api=4 type=1 insize=5912 outsize=3508 kw=DIRECTIONAL SHADOWS_OFF LIGHTMAP_OFF DIRLIGHTMAP_OFF ok=1
Cmd: compileSnippet
  api=4 type=0 insize=3545 outsize=3720 kw=POINT ok=1
Cmd: compileSnippet
  api=4 type=1 insize=3545 outsize=2777 kw=POINT ok=1
Cmd: compileSnippet
  api=4 type=0 insize=3545 outsize=2940 kw=DIRECTIONAL ok=1
Cmd: compileSnippet
  api=4 type=1 insize=3545 outsize=2330 kw=DIRECTIONAL ok=1
Cmd: preprocess
  insize=1840 outsize=1142 ok=1
Cmd: compileSnippet
  api=4 type=0 insize=5904 outsize=4232 kw=DIRECTIONAL SHADOWS_OFF LIGHTMAP_OFF DIRLIGHTMAP_OFF ok=1
Cmd: compileSnippet
  api=4 type=1 insize=5904 outsize=3468 kw=DIRECTIONAL SHADOWS_OFF LIGHTMAP_OFF DIRLIGHTMAP_OFF ok=1
Cmd: compileSnippet
  api=4 type=0 insize=3537 outsize=3720 kw=POINT ok=1
Cmd: compileSnippet
  api=4 type=1 insize=3537 outsize=2761 kw=POINT ok=1
Cmd: compileSnippet
  api=4 type=0 insize=3537 outsize=2940 kw=DIRECTIONAL ok=1
Cmd: compileSnippet
  api=4 type=1 insize=3537 outsize=2290 kw=DIRECTIONAL ok=1
Cmd: preprocess
  insize=1844 outsize=1142 ok=1
Cmd: compileSnippet
  api=4 type=0 insize=5908 outsize=4232 kw=DIRECTIONAL SHADOWS_OFF LIGHTMAP_OFF DIRLIGHTMAP_OFF ok=1
Cmd: compileSnippet
  api=4 type=1 insize=5908 outsize=3508 kw=DIRECTIONAL SHADOWS_OFF LIGHTMAP_OFF DIRLIGHTMAP_OFF ok=1
Cmd: compileSnippet
  api=4 type=0 insize=3541 outsize=3720 kw=POINT ok=1
Cmd: compileSnippet
  api=4 type=1 insize=3541 outsize=2777 kw=POINT ok=1
Cmd: compileSnippet
  api=4 type=0 insize=3541 outsize=2940 kw=DIRECTIONAL ok=1
Cmd: compileSnippet
  api=4 type=1 insize=3541 outsize=2330 kw=DIRECTIONAL ok=1
Cmd: preprocess
  insize=1837 outsize=1143 ok=1
Cmd: compileSnippet
  api=4 type=0 insize=5901 outsize=4232 kw=DIRECTIONAL SHADOWS_OFF LIGHTMAP_OFF DIRLIGHTMAP_OFF ok=1
Cmd: compileSnippet
  api=4 type=1 insize=5901 outsize=3517 kw=DIRECTIONAL SHADOWS_OFF LIGHTMAP_OFF DIRLIGHTMAP_OFF ok=1
Cmd: compileSnippet
  api=4 type=0 insize=3534 outsize=3720 kw=POINT ok=1
Cmd: compileSnippet
  api=4 type=1 insize=3534 outsize=2785 kw=POINT ok=1
Cmd: compileSnippet
  api=4 type=0 insize=3534 outsize=2940 kw=DIRECTIONAL ok=1
Cmd: compileSnippet
  api=4 type=1 insize=3534 outsize=2338 kw=DIRECTIONAL ok=1
Cmd: preprocess
  insize=1822 outsize=1143 ok=1
Cmd: compileSnippet
  api=4 type=0 insize=5886 outsize=4232 kw=DIRECTIONAL SHADOWS_OFF LIGHTMAP_OFF DIRLIGHTMAP_OFF ok=1
Cmd: compileSnippet
  api=4 type=1 insize=5886 outsize=3468 kw=DIRECTIONAL SHADOWS_OFF LIGHTMAP_OFF DIRLIGHTMAP_OFF ok=1
Cmd: compileSnippet
  api=4 type=0 insize=3519 outsize=3720 kw=POINT ok=1
Cmd: compileSnippet
  api=4 type=1 insize=3519 outsize=2761 kw=POINT ok=1
Cmd: compileSnippet
  api=4 type=0 insize=3519 outsize=2940 kw=DIRECTIONAL ok=1
Cmd: compileSnippet
  api=4 type=1 insize=3519 outsize=2290 kw=DIRECTIONAL ok=1
Cmd: preprocess
  insize=1848 outsize=1141 ok=1
Cmd: compileSnippet
  api=4 type=0 insize=5912 outsize=4232 kw=DIRECTIONAL SHADOWS_OFF LIGHTMAP_OFF DIRLIGHTMAP_OFF ok=1
Cmd: compileSnippet
  api=4 type=1 insize=5912 outsize=3549 kw=DIRECTIONAL SHADOWS_OFF LIGHTMAP_OFF DIRLIGHTMAP_OFF ok=1
Cmd: compileSnippet
  api=4 type=0 insize=3545 outsize=3720 kw=POINT ok=1
Cmd: compileSnippet
  api=4 type=1 insize=3545 outsize=2875 kw=POINT ok=1
Cmd: compileSnippet
  api=4 type=0 insize=3545 outsize=2940 kw=DIRECTIONAL ok=1
Cmd: compileSnippet
  api=4 type=1 insize=3545 outsize=2371 kw=DIRECTIONAL ok=1
Cmd: preprocess
  insize=1844 outsize=1142 ok=1
Cmd: compileSnippet
  api=4 type=0 insize=5908 outsize=4232 kw=DIRECTIONAL SHADOWS_OFF LIGHTMAP_OFF DIRLIGHTMAP_OFF ok=1
Cmd: compileSnippet
  api=4 type=1 insize=5908 outsize=3549 kw=DIRECTIONAL SHADOWS_OFF LIGHTMAP_OFF DIRLIGHTMAP_OFF ok=1
Cmd: compileSnippet
  api=4 type=0 insize=3541 outsize=3720 kw=POINT ok=1
Cmd: compileSnippet
  api=4 type=1 insize=3541 outsize=2842 kw=POINT ok=1
Cmd: compileSnippet
  api=4 type=0 insize=3541 outsize=2940 kw=DIRECTIONAL ok=1
Cmd: compileSnippet
  api=4 type=1 insize=3541 outsize=2371 kw=DIRECTIONAL ok=1
Cmd: preprocess
  insize=1855 outsize=1143 ok=1
Cmd: compileSnippet
  api=4 type=0 insize=5919 outsize=4232 kw=DIRECTIONAL SHADOWS_OFF LIGHTMAP_OFF DIRLIGHTMAP_OFF ok=1
Cmd: compileSnippet
  api=4 type=1 insize=5919 outsize=3606 kw=DIRECTIONAL SHADOWS_OFF LIGHTMAP_OFF DIRLIGHTMAP_OFF ok=1
Cmd: compileSnippet
  api=4 type=0 insize=3552 outsize=3720 kw=POINT ok=1
Cmd: compileSnippet
  api=4 type=1 insize=3552 outsize=2899 kw=POINT ok=1
Cmd: preprocess
  insize=1841 outsize=1142 ok=1
Cmd: compileSnippet
  api=4 type=0 insize=5905 outsize=4232 kw=DIRECTIONAL SHADOWS_OFF LIGHTMAP_OFF DIRLIGHTMAP_OFF ok=1
Cmd: compileSnippet
  api=4 type=1 insize=5905 outsize=3549 kw=DIRECTIONAL SHADOWS_OFF LIGHTMAP_OFF DIRLIGHTMAP_OFF ok=1
Cmd: compileSnippet
  api=4 type=0 insize=3538 outsize=3720 kw=POINT ok=1
Cmd: compileSnippet
  api=4 type=1 insize=3538 outsize=2842 kw=POINT ok=1
Cmd: preprocess
  insize=1844 outsize=1142 ok=1
Cmd: preprocess
  insize=1850 outsize=1143 ok=1
Cmd: compileSnippet
  api=4 type=0 insize=5914 outsize=4232 kw=DIRECTIONAL SHADOWS_OFF LIGHTMAP_OFF DIRLIGHTMAP_OFF ok=1
Cmd: compileSnippet
  api=4 type=1 insize=5914 outsize=3630 kw=DIRECTIONAL SHADOWS_OFF LIGHTMAP_OFF DIRLIGHTMAP_OFF ok=1
Cmd: compileSnippet
  api=4 type=0 insize=3547 outsize=3720 kw=POINT ok=1
Cmd: compileSnippet
  api=4 type=1 insize=3547 outsize=2923 kw=POINT ok=1
Cmd: preprocess
  insize=1794 outsize=1143 ok=1
Cmd: preprocess
  insize=1783 outsize=1143 ok=1
Cmd: compileSnippet
  api=4 type=0 insize=5847 outsize=4232 kw=DIRECTIONAL SHADOWS_OFF LIGHTMAP_OFF DIRLIGHTMAP_OFF ok=1
Cmd: compileSnippet
  api=4 type=1 insize=5847 outsize=3411 kw=DIRECTIONAL SHADOWS_OFF LIGHTMAP_OFF DIRLIGHTMAP_OFF ok=1
Cmd: compileSnippet
  api=4 type=0 insize=3373 outsize=3630 kw=POINT ok=1
Cmd: compileSnippet
  api=4 type=1 insize=3373 outsize=2509 kw=POINT ok=1
Cmd: preprocess
  insize=1790 outsize=1142 ok=1
Cmd: compileSnippet
  api=4 type=0 insize=5854 outsize=4232 kw=DIRECTIONAL SHADOWS_OFF LIGHTMAP_OFF DIRLIGHTMAP_OFF ok=1
Cmd: compileSnippet
  api=4 type=1 insize=5854 outsize=3143 kw=DIRECTIONAL SHADOWS_OFF LIGHTMAP_OFF DIRLIGHTMAP_OFF ok=1
Cmd: compileSnippet
  api=4 type=0 insize=3380 outsize=3630 kw=POINT ok=1
Cmd: compileSnippet
  api=4 type=1 insize=3380 outsize=2509 kw=POINT ok=1
Cmd: preprocess
  insize=1790 outsize=1141 ok=1
Cmd: compileSnippet
  api=4 type=0 insize=5854 outsize=4232 kw=DIRECTIONAL SHADOWS_OFF LIGHTMAP_OFF DIRLIGHTMAP_OFF ok=1
Cmd: compileSnippet
  api=4 type=1 insize=5854 outsize=3143 kw=DIRECTIONAL SHADOWS_OFF LIGHTMAP_OFF DIRLIGHTMAP_OFF ok=1
Cmd: compileSnippet
  api=4 type=0 insize=3380 outsize=3630 kw=POINT ok=1
Cmd: compileSnippet
  api=4 type=1 insize=3380 outsize=2509 kw=POINT ok=1
Cmd: preprocess
  insize=1671 outsize=1142 ok=1
Cmd: compileSnippet
  api=4 type=0 insize=5735 outsize=4232 kw=DIRECTIONAL SHADOWS_OFF LIGHTMAP_OFF DIRLIGHTMAP_OFF ok=1
Cmd: compileSnippet
  api=4 type=1 insize=5735 outsize=3143 kw=DIRECTIONAL SHADOWS_OFF LIGHTMAP_OFF DIRLIGHTMAP_OFF ok=1
Cmd: compileSnippet
  api=4 type=0 insize=3261 outsize=3630 kw=POINT ok=1
Cmd: compileSnippet
  api=4 type=1 insize=3261 outsize=2509 kw=POINT ok=1
Cmd: preprocess
  insize=1804 outsize=1143 ok=1
Cmd: compileSnippet
  api=4 type=0 insize=5868 outsize=4232 kw=DIRECTIONAL SHADOWS_OFF LIGHTMAP_OFF DIRLIGHTMAP_OFF ok=1
Cmd: compileSnippet
  api=4 type=1 insize=5868 outsize=3273 kw=DIRECTIONAL SHADOWS_OFF LIGHTMAP_OFF DIRLIGHTMAP_OFF ok=1
Cmd: compileSnippet
  api=4 type=0 insize=3394 outsize=3630 kw=POINT ok=1
Cmd: compileSnippet
  api=4 type=1 insize=3394 outsize=2509 kw=POINT ok=1
Cmd: preprocess
  insize=1727 outsize=1142 ok=1
Cmd: compileSnippet
  api=4 type=0 insize=5791 outsize=4232 kw=DIRECTIONAL SHADOWS_OFF LIGHTMAP_OFF DIRLIGHTMAP_OFF ok=1
Cmd: compileSnippet
  api=4 type=1 insize=5791 outsize=3273 kw=DIRECTIONAL SHADOWS_OFF LIGHTMAP_OFF DIRLIGHTMAP_OFF ok=1
Cmd: compileSnippet
  api=4 type=0 insize=3317 outsize=3630 kw=POINT ok=1
Cmd: compileSnippet
  api=4 type=1 insize=3317 outsize=2509 kw=POINT ok=1
Cmd: compileSnippet
  api=4 type=0 insize=3317 outsize=2850 kw=DIRECTIONAL ok=1
Cmd: compileSnippet
  api=4 type=1 insize=3317 outsize=2038 kw=DIRECTIONAL ok=1
Cmd: preprocess
  insize=1688 outsize=1142 ok=1
Cmd: compileSnippet
  api=4 type=0 insize=5752 outsize=4232 kw=DIRECTIONAL SHADOWS_OFF LIGHTMAP_OFF DIRLIGHTMAP_OFF ok=1
Cmd: compileSnippet
  api=4 type=1 insize=5752 outsize=3094 kw=DIRECTIONAL SHADOWS_OFF LIGHTMAP_OFF DIRLIGHTMAP_OFF ok=1
Cmd: compileSnippet
  api=4 type=0 insize=3278 outsize=3630 kw=POINT ok=1
Cmd: compileSnippet
  api=4 type=1 insize=3278 outsize=2509 kw=POINT ok=1
Cmd: compileSnippet
  api=4 type=0 insize=3278 outsize=2850 kw=DIRECTIONAL ok=1
Cmd: compileSnippet
  api=4 type=1 insize=3278 outsize=2038 kw=DIRECTIONAL ok=1
Cmd: preprocess
  insize=1662 outsize=1142 ok=1
Cmd: compileSnippet
  api=4 type=0 insize=5726 outsize=4232 kw=DIRECTIONAL SHADOWS_OFF LIGHTMAP_OFF DIRLIGHTMAP_OFF ok=1
Cmd: compileSnippet
  api=4 type=1 insize=5726 outsize=3094 kw=DIRECTIONAL SHADOWS_OFF LIGHTMAP_OFF DIRLIGHTMAP_OFF ok=1
Cmd: compileSnippet
  api=4 type=0 insize=3252 outsize=3630 kw=POINT ok=1
Cmd: compileSnippet
  api=4 type=1 insize=3252 outsize=2509 kw=POINT ok=1
Cmd: compileSnippet
  api=4 type=0 insize=3252 outsize=2850 kw=DIRECTIONAL ok=1
Cmd: compileSnippet
  api=4 type=1 insize=3252 outsize=2038 kw=DIRECTIONAL ok=1
Cmd: preprocess
  insize=1680 outsize=1143 ok=1
Cmd: compileSnippet
  api=4 type=0 insize=5744 outsize=4232 kw=DIRECTIONAL SHADOWS_OFF LIGHTMAP_OFF DIRLIGHTMAP_OFF ok=1
Cmd: compileSnippet
  api=4 type=1 insize=5744 outsize=3135 kw=DIRECTIONAL SHADOWS_OFF LIGHTMAP_OFF DIRLIGHTMAP_OFF ok=1
Cmd: compileSnippet
  api=4 type=0 insize=3270 outsize=3630 kw=POINT ok=1
Cmd: compileSnippet
  api=4 type=1 insize=3270 outsize=2509 kw=POINT ok=1
Cmd: compileSnippet
  api=4 type=0 insize=3270 outsize=2850 kw=DIRECTIONAL ok=1
Cmd: compileSnippet
  api=4 type=1 insize=3270 outsize=2038 kw=DIRECTIONAL ok=1
Cmd: preprocess
  insize=1666 outsize=1142 ok=1
Cmd: compileSnippet
  api=4 type=0 insize=5730 outsize=4232 kw=DIRECTIONAL SHADOWS_OFF LIGHTMAP_OFF DIRLIGHTMAP_OFF ok=1
Cmd: compileSnippet
  api=4 type=1 insize=5730 outsize=3078 kw=DIRECTIONAL SHADOWS_OFF LIGHTMAP_OFF DIRLIGHTMAP_OFF ok=1
Cmd: compileSnippet
  api=4 type=0 insize=3256 outsize=3630 kw=POINT ok=1
Cmd: compileSnippet
  api=4 type=1 insize=3256 outsize=2184 kw=POINT ok=1
Cmd: compileSnippet
  api=4 type=0 insize=3256 outsize=2850 kw=DIRECTIONAL ok=1
Cmd: compileSnippet
  api=4 type=1 insize=3256 outsize=1981 kw=DIRECTIONAL ok=1
Cmd: preprocess
  insize=1676 outsize=1142 ok=1
Cmd: compileSnippet
  api=4 type=0 insize=5740 outsize=4232 kw=DIRECTIONAL SHADOWS_OFF LIGHTMAP_OFF DIRLIGHTMAP_OFF ok=1
Cmd: compileSnippet
  api=4 type=1 insize=5740 outsize=3078 kw=DIRECTIONAL SHADOWS_OFF LIGHTMAP_OFF DIRLIGHTMAP_OFF ok=1
Cmd: compileSnippet
  api=4 type=0 insize=3266 outsize=3630 kw=POINT ok=1
Cmd: compileSnippet
  api=4 type=1 insize=3266 outsize=2452 kw=POINT ok=1
Cmd: compileSnippet
  api=4 type=0 insize=3266 outsize=2850 kw=DIRECTIONAL ok=1
Cmd: compileSnippet
  api=4 type=1 insize=3266 outsize=1981 kw=DIRECTIONAL ok=1
Cmd: preprocess
  insize=1681 outsize=1142 ok=1
Cmd: compileSnippet
  api=4 type=0 insize=5745 outsize=4232 kw=DIRECTIONAL SHADOWS_OFF LIGHTMAP_OFF DIRLIGHTMAP_OFF ok=1
Cmd: compileSnippet
  api=4 type=1 insize=5745 outsize=3159 kw=DIRECTIONAL SHADOWS_OFF LIGHTMAP_OFF DIRLIGHTMAP_OFF ok=1
Cmd: compileSnippet
  api=4 type=0 insize=3271 outsize=3630 kw=POINT ok=1
Cmd: compileSnippet
  api=4 type=1 insize=3271 outsize=2509 kw=POINT ok=1
Cmd: compileSnippet
  api=4 type=0 insize=3271 outsize=2850 kw=DIRECTIONAL ok=1
Cmd: compileSnippet
  api=4 type=1 insize=3271 outsize=2062 kw=DIRECTIONAL ok=1
Cmd: preprocess
  insize=1680 outsize=1143 ok=1
Cmd: preprocess
  insize=1686 outsize=1210 ok=1
Cmd: compileSnippet
  api=4 type=0 insize=5772 outsize=4232 kw=DIRECTIONAL LIGHTMAP_OFF DIRLIGHTMAP_OFF ok=1
Cmd: compileSnippet
  api=4 type=1 insize=5772 outsize=3135 kw=DIRECTIONAL LIGHTMAP_OFF DIRLIGHTMAP_OFF ok=1
Cmd: compileSnippet
  api=4 type=0 insize=3280 outsize=3630 kw=POINT ok=1
Cmd: compileSnippet
  api=4 type=1 insize=3280 outsize=2509 kw=POINT ok=1
Cmd: compileSnippet
  api=4 type=0 insize=3280 outsize=2850 kw=DIRECTIONAL ok=1
Cmd: compileSnippet
  api=4 type=1 insize=3280 outsize=2038 kw=DIRECTIONAL ok=1
Cmd: preprocess
  insize=1810 outsize=1210 ok=1
Cmd: compileSnippet
  api=4 type=0 insize=5896 outsize=4232 kw=DIRECTIONAL LIGHTMAP_OFF DIRLIGHTMAP_OFF ok=1
Cmd: compileSnippet
  api=4 type=1 insize=5896 outsize=3411 kw=DIRECTIONAL LIGHTMAP_OFF DIRLIGHTMAP_OFF ok=1
Cmd: compileSnippet
  api=4 type=0 insize=3543 outsize=3720 kw=POINT ok=1
Cmd: compileSnippet
  api=4 type=1 insize=3543 outsize=3192 kw=POINT ok=1
Cmd: compileSnippet
  api=4 type=0 insize=3543 outsize=2940 kw=DIRECTIONAL ok=1
Cmd: compileSnippet
  api=4 type=1 insize=3543 outsize=2720 kw=DIRECTIONAL ok=1
Cmd: preprocess
  error: 2 plat 1 at (37): undefined variable "IN" unable to find compatible overloaded function "normalize(error)" undefined variable "o" unable to find compatible overloaded function "dot(error, error)" unable to find compatible overloaded function "saturate(error)"
  error: 1 plat 1 at (55): implicit cast from "float3" to "half"
  error: 1 plat 1 at (66): implicit cast from "half3" to "half"
  insize=1867 outsize=88452 ok=0
Cmd: preprocess
  insize=1864 outsize=1209 ok=1
Cmd: compileSnippet
  api=4 type=0 insize=5950 outsize=4232 kw=DIRECTIONAL LIGHTMAP_OFF DIRLIGHTMAP_OFF ok=1
Cmd: compileSnippet
  api=4 type=1 insize=5950 outsize=3411 kw=DIRECTIONAL LIGHTMAP_OFF DIRLIGHTMAP_OFF ok=1
Cmd: compileSnippet
  api=4 type=0 insize=3597 outsize=3720 kw=POINT ok=1
Cmd: compileSnippet
  api=4 type=1 insize=3597 outsize=3192 kw=POINT ok=1
Cmd: compileSnippet
  api=4 type=0 insize=3597 outsize=2940 kw=DIRECTIONAL ok=1
Cmd: compileSnippet
  api=4 type=1 insize=3597 outsize=2720 kw=DIRECTIONAL ok=1
Cmd: preprocess
  error: 2 plat 12 at (37): Syntax error
  insize=1817 outsize=645 ok=0
Cmd: preprocess
  insize=1816 outsize=1209 ok=1
Cmd: compileSnippet
  api=4 type=0 insize=5902 outsize=4232 kw=DIRECTIONAL LIGHTMAP_OFF DIRLIGHTMAP_OFF ok=1
Cmd: compileSnippet
  api=4 type=1 insize=5902 outsize=3411 kw=DIRECTIONAL LIGHTMAP_OFF DIRLIGHTMAP_OFF ok=1
Cmd: compileSnippet
  api=4 type=0 insize=3549 outsize=3720 kw=POINT ok=1
Cmd: compileSnippet
  api=4 type=1 insize=3549 outsize=3192 kw=POINT ok=1
Cmd: compileSnippet
  api=4 type=0 insize=3549 outsize=2940 kw=DIRECTIONAL ok=1
Cmd: compileSnippet
  api=4 type=1 insize=3549 outsize=2720 kw=DIRECTIONAL ok=1
Cmd: preprocess
  error: 2 plat 12 at (37): Syntax error
  error: 2 plat 12 at (49): Syntax error
  error: 2 plat 12 at (54): Syntax error
  insize=1870 outsize=677 ok=0
Cmd: preprocess
  insize=1871 outsize=1210 ok=1
Cmd: compileSnippet
  api=4 type=0 insize=5957 outsize=4232 kw=DIRECTIONAL LIGHTMAP_OFF DIRLIGHTMAP_OFF ok=1
Cmd: compileSnippet
  api=4 type=1 insize=5957 outsize=3411 kw=DIRECTIONAL LIGHTMAP_OFF DIRLIGHTMAP_OFF ok=1
Cmd: compileSnippet
  api=4 type=0 insize=3604 outsize=3720 kw=POINT ok=1
Cmd: compileSnippet
  api=4 type=1 insize=3604 outsize=3192 kw=POINT ok=1
Cmd: compileSnippet
  api=4 type=0 insize=3604 outsize=2940 kw=DIRECTIONAL ok=1
Cmd: compileSnippet
  api=4 type=1 insize=3604 outsize=2720 kw=DIRECTIONAL ok=1
Cmd: preprocess
  insize=1875 outsize=1210 ok=1
Cmd: compileSnippet
  api=4 type=0 insize=5961 outsize=4232 kw=DIRECTIONAL LIGHTMAP_OFF DIRLIGHTMAP_OFF ok=1
Cmd: compileSnippet
  api=4 type=1 insize=5961 outsize=3411 kw=DIRECTIONAL LIGHTMAP_OFF DIRLIGHTMAP_OFF ok=1
Cmd: compileSnippet
  api=4 type=0 insize=3608 outsize=3720 kw=POINT ok=1
Cmd: compileSnippet
  api=4 type=1 insize=3608 outsize=3192 kw=POINT ok=1
Cmd: compileSnippet
  api=4 type=0 insize=3608 outsize=2940 kw=DIRECTIONAL ok=1
Cmd: compileSnippet
  api=4 type=1 insize=3608 outsize=2720 kw=DIRECTIONAL ok=1
Cmd: preprocess
  insize=1771 outsize=1209 ok=1
Cmd: compileSnippet
  api=4 type=0 insize=5857 outsize=4232 kw=DIRECTIONAL LIGHTMAP_OFF DIRLIGHTMAP_OFF ok=1
Cmd: compileSnippet
  api=4 type=1 insize=5857 outsize=3411 kw=DIRECTIONAL LIGHTMAP_OFF DIRLIGHTMAP_OFF ok=1
Cmd: compileSnippet
  api=4 type=0 insize=3504 outsize=3720 kw=POINT ok=1
Cmd: compileSnippet
  api=4 type=1 insize=3504 outsize=3192 kw=POINT ok=1
Cmd: compileSnippet
  api=4 type=0 insize=3504 outsize=2940 kw=DIRECTIONAL ok=1
Cmd: compileSnippet
  api=4 type=1 insize=3504 outsize=2720 kw=DIRECTIONAL ok=1
Cmd: preprocess
  insize=1765 outsize=1209 ok=1
Cmd: compileSnippet
  api=4 type=0 insize=5851 outsize=4232 kw=DIRECTIONAL LIGHTMAP_OFF DIRLIGHTMAP_OFF ok=1
Cmd: compileSnippet
  api=4 type=1 insize=5851 outsize=3354 kw=DIRECTIONAL LIGHTMAP_OFF DIRLIGHTMAP_OFF ok=1
Cmd: compileSnippet
  api=4 type=0 insize=3391 outsize=3630 kw=POINT ok=1
Cmd: compileSnippet
  api=4 type=1 insize=3391 outsize=2940 kw=POINT ok=1
Cmd: compileSnippet
  api=4 type=0 insize=3391 outsize=2850 kw=DIRECTIONAL ok=1
Cmd: compileSnippet
  api=4 type=1 insize=3391 outsize=2468 kw=DIRECTIONAL ok=1
Cmd: preprocess
  insize=1769 outsize=1209 ok=1
Cmd: compileSnippet
  api=4 type=0 insize=5855 outsize=4232 kw=DIRECTIONAL LIGHTMAP_OFF DIRLIGHTMAP_OFF ok=1
Cmd: compileSnippet
  api=4 type=1 insize=5855 outsize=3411 kw=DIRECTIONAL LIGHTMAP_OFF DIRLIGHTMAP_OFF ok=1
Cmd: compileSnippet
  api=4 type=0 insize=3395 outsize=3630 kw=POINT ok=1
Cmd: compileSnippet
  api=4 type=1 insize=3395 outsize=2997 kw=POINT ok=1
Cmd: compileSnippet
  api=4 type=0 insize=3395 outsize=2850 kw=DIRECTIONAL ok=1
Cmd: compileSnippet
  api=4 type=1 insize=3395 outsize=2525 kw=DIRECTIONAL ok=1
Cmd: preprocess
  insize=1767 outsize=1209 ok=1
Cmd: compileSnippet
  api=4 type=0 insize=5853 outsize=4232 kw=DIRECTIONAL LIGHTMAP_OFF DIRLIGHTMAP_OFF ok=1
Cmd: compileSnippet
  api=4 type=1 insize=5853 outsize=3135 kw=DIRECTIONAL LIGHTMAP_OFF DIRLIGHTMAP_OFF ok=1
Cmd: compileSnippet
  api=4 type=0 insize=3361 outsize=3630 kw=POINT ok=1
Cmd: compileSnippet
  api=4 type=1 insize=3361 outsize=2509 kw=POINT ok=1
Cmd: compileSnippet
  api=4 type=0 insize=3361 outsize=2850 kw=DIRECTIONAL ok=1
Cmd: compileSnippet
  api=4 type=1 insize=3361 outsize=2038 kw=DIRECTIONAL ok=1
Cmd: preprocess
  insize=1765 outsize=1209 ok=1
Cmd: preprocess
  insize=1708 outsize=1210 ok=1
Cmd: compileSnippet
  api=4 type=0 insize=5794 outsize=4232 kw=DIRECTIONAL LIGHTMAP_OFF DIRLIGHTMAP_OFF ok=1
Cmd: compileSnippet
  api=4 type=1 insize=5794 outsize=3338 kw=DIRECTIONAL LIGHTMAP_OFF DIRLIGHTMAP_OFF ok=1
Cmd: compileSnippet
  api=4 type=0 insize=3302 outsize=3630 kw=POINT ok=1
Cmd: compileSnippet
  api=4 type=1 insize=3302 outsize=2712 kw=POINT ok=1
Cmd: compileSnippet
  api=4 type=0 insize=3302 outsize=2850 kw=DIRECTIONAL ok=1
Cmd: compileSnippet
  api=4 type=1 insize=3302 outsize=2241 kw=DIRECTIONAL ok=1
Cmd: preprocess
  insize=1718 outsize=1210 ok=1
Cmd: compileSnippet
  api=4 type=0 insize=5804 outsize=4232 kw=DIRECTIONAL LIGHTMAP_OFF DIRLIGHTMAP_OFF ok=1
Cmd: compileSnippet
  api=4 type=1 insize=5804 outsize=3435 kw=DIRECTIONAL LIGHTMAP_OFF DIRLIGHTMAP_OFF ok=1
Cmd: compileSnippet
  api=4 type=0 insize=3312 outsize=3630 kw=POINT ok=1
Cmd: compileSnippet
  api=4 type=1 insize=3312 outsize=2810 kw=POINT ok=1
Cmd: compileSnippet
  api=4 type=0 insize=3312 outsize=2850 kw=DIRECTIONAL ok=1
Cmd: compileSnippet
  api=4 type=1 insize=3312 outsize=2338 kw=DIRECTIONAL ok=1
Cmd: preprocess
  insize=1694 outsize=1210 ok=1
Cmd: compileSnippet
  api=4 type=0 insize=5780 outsize=4232 kw=DIRECTIONAL LIGHTMAP_OFF DIRLIGHTMAP_OFF ok=1
Cmd: compileSnippet
  api=4 type=1 insize=5780 outsize=3273 kw=DIRECTIONAL LIGHTMAP_OFF DIRLIGHTMAP_OFF ok=1
Cmd: compileSnippet
  api=4 type=0 insize=3288 outsize=3630 kw=POINT ok=1
Cmd: compileSnippet
  api=4 type=1 insize=3288 outsize=2647 kw=POINT ok=1
Cmd: compileSnippet
  api=4 type=0 insize=3288 outsize=2850 kw=DIRECTIONAL ok=1
Cmd: compileSnippet
  api=4 type=1 insize=3288 outsize=2176 kw=DIRECTIONAL ok=1
Cmd: preprocess
  insize=1708 outsize=1210 ok=1
Cmd: preprocess
  insize=1732 outsize=1208 ok=1
Cmd: compileSnippet
  api=4 type=0 insize=5818 outsize=4232 kw=DIRECTIONAL LIGHTMAP_OFF DIRLIGHTMAP_OFF ok=1
Cmd: compileSnippet
  api=4 type=1 insize=5818 outsize=3151 kw=DIRECTIONAL LIGHTMAP_OFF DIRLIGHTMAP_OFF ok=1
Cmd: compileSnippet
  api=4 type=0 insize=3358 outsize=3630 kw=POINT ok=1
Cmd: compileSnippet
  api=4 type=1 insize=3358 outsize=2566 kw=POINT ok=1
Cmd: compileSnippet
  api=4 type=0 insize=3358 outsize=2850 kw=DIRECTIONAL ok=1
Cmd: compileSnippet
  api=4 type=1 insize=3358 outsize=2095 kw=DIRECTIONAL ok=1
Cmd: preprocess
  error: 2 plat 1 at (54): invalid character 'o' in swizzle "o" invalid character 'N' in swizzle "Normal"
  insize=1747 outsize=92523 ok=0
Cmd: preprocess
  error: 2 plat 1 at (54): invalid character '_' in swizzle "_Illum"
  insize=1745 outsize=92521 ok=0
Cmd: preprocess
  insize=1747 outsize=1210 ok=1
Cmd: compileSnippet
  api=4 type=0 insize=5833 outsize=4232 kw=DIRECTIONAL LIGHTMAP_OFF DIRLIGHTMAP_OFF ok=1
Cmd: compileSnippet
  api=4 type=1 insize=5833 outsize=3175 kw=DIRECTIONAL LIGHTMAP_OFF DIRLIGHTMAP_OFF ok=1
Cmd: compileSnippet
  api=4 type=0 insize=3373 outsize=3630 kw=POINT ok=1
Cmd: compileSnippet
  api=4 type=1 insize=3373 outsize=2615 kw=POINT ok=1
Cmd: compileSnippet
  api=4 type=0 insize=3373 outsize=2850 kw=DIRECTIONAL ok=1
Cmd: compileSnippet
  api=4 type=1 insize=3373 outsize=2143 kw=DIRECTIONAL ok=1
Cmd: preprocess
  insize=1791 outsize=1207 ok=1
Cmd: compileSnippet
  api=4 type=0 insize=5877 outsize=4232 kw=DIRECTIONAL LIGHTMAP_OFF DIRLIGHTMAP_OFF ok=1
Cmd: compileSnippet
  api=4 type=1 insize=5877 outsize=3395 kw=DIRECTIONAL LIGHTMAP_OFF DIRLIGHTMAP_OFF ok=1
Cmd: compileSnippet
  api=4 type=0 insize=3417 outsize=3630 kw=POINT ok=1
Cmd: compileSnippet
  api=4 type=1 insize=3417 outsize=2875 kw=POINT ok=1
Cmd: compileSnippet
  api=4 type=0 insize=3417 outsize=2850 kw=DIRECTIONAL ok=1
Cmd: compileSnippet
  api=4 type=1 insize=3417 outsize=2403 kw=DIRECTIONAL ok=1
Cmd: preprocess
  insize=1801 outsize=1209 ok=1
Cmd: compileSnippet
  api=4 type=0 insize=5887 outsize=4232 kw=DIRECTIONAL LIGHTMAP_OFF DIRLIGHTMAP_OFF ok=1
Cmd: compileSnippet
  api=4 type=1 insize=5887 outsize=3452 kw=DIRECTIONAL LIGHTMAP_OFF DIRLIGHTMAP_OFF ok=1
Cmd: compileSnippet
  api=4 type=0 insize=3427 outsize=3630 kw=POINT ok=1
Cmd: compileSnippet
  api=4 type=1 insize=3427 outsize=2932 kw=POINT ok=1
Cmd: compileSnippet
  api=4 type=0 insize=3427 outsize=2850 kw=DIRECTIONAL ok=1
Cmd: compileSnippet
  api=4 type=1 insize=3427 outsize=2460 kw=DIRECTIONAL ok=1
Cmd: preprocess
  insize=1796 outsize=1209 ok=1
Cmd: compileSnippet
  api=4 type=0 insize=5882 outsize=4232 kw=DIRECTIONAL LIGHTMAP_OFF DIRLIGHTMAP_OFF ok=1
Cmd: compileSnippet
  api=4 type=1 insize=5882 outsize=3135 kw=DIRECTIONAL LIGHTMAP_OFF DIRLIGHTMAP_OFF ok=1
Cmd: compileSnippet
  api=4 type=0 insize=3390 outsize=3630 kw=POINT ok=1
Cmd: compileSnippet
  api=4 type=1 insize=3390 outsize=2509 kw=POINT ok=1
Cmd: preprocess
  insize=1791 outsize=1207 ok=1
Cmd: preprocess
  insize=1801 outsize=1209 ok=1
Cmd: preprocess
  insize=1809 outsize=1210 ok=1
Cmd: compileSnippet
  api=4 type=0 insize=5895 outsize=4232 kw=DIRECTIONAL LIGHTMAP_OFF DIRLIGHTMAP_OFF ok=1
Cmd: compileSnippet
  api=4 type=1 insize=5895 outsize=3517 kw=DIRECTIONAL LIGHTMAP_OFF DIRLIGHTMAP_OFF ok=1
Cmd: compileSnippet
  api=4 type=0 insize=3435 outsize=3630 kw=POINT ok=1
Cmd: compileSnippet
  api=4 type=1 insize=3435 outsize=2997 kw=POINT ok=1
Cmd: compileSnippet
  api=4 type=0 insize=3435 outsize=2850 kw=DIRECTIONAL ok=1
Cmd: compileSnippet
  api=4 type=1 insize=3435 outsize=2525 kw=DIRECTIONAL ok=1
Cmd: preprocess
  error: 2 plat 12 at (54): Syntax error
  error: 2 plat 12 at (55): Syntax error
  insize=1824 outsize=661 ok=0
Cmd: preprocess
  insize=1825 outsize=1209 ok=1
Cmd: compileSnippet
  api=4 type=0 insize=5911 outsize=4232 kw=DIRECTIONAL LIGHTMAP_OFF DIRLIGHTMAP_OFF ok=1
Cmd: compileSnippet
  api=4 type=1 insize=5911 outsize=3582 kw=DIRECTIONAL LIGHTMAP_OFF DIRLIGHTMAP_OFF ok=1
Cmd: compileSnippet
  api=4 type=0 insize=3451 outsize=3630 kw=POINT ok=1
Cmd: compileSnippet
  api=4 type=1 insize=3451 outsize=3062 kw=POINT ok=1
Cmd: compileSnippet
  api=4 type=0 insize=3451 outsize=2850 kw=DIRECTIONAL ok=1
Cmd: compileSnippet
  api=4 type=1 insize=3451 outsize=2590 kw=DIRECTIONAL ok=1
