Base path: C:/Program Files (x86)/Unity/Editor/Data
Pipe name: \\.\pipe\UnityShaderCompiler-3-7416
Cmd: getPlatforms
Cmd: compileSnippet
  api=0 type=0 insize=5911 outsize=1017 kw=DIRECTIONAL LIGHTMAP_ON DIRLIGHTMAP_OFF ok=1
Cmd: compileSnippet
  api=1 type=0 insize=5911 outsize=1599 kw=DIRECTIONAL LIGHTMAP_OFF DIRLIGHTMAP_OFF VERTEXLIGHT_ON ok=1
Cmd: compileSnippet
  api=0 type=1 insize=5911 outsize=1001 kw=DIRECTIONAL LIGHTMAP_ON DIRLIGHTMAP_OFF ok=1
Cmd: compileSnippet
  api=1 type=1 insize=5911 outsize=881 kw=DIRECTIONAL LIGHTMAP_ON DIRLIGHTMAP_OFF ok=1
Cmd: compileSnippet
  api=0 type=0 insize=3451 outsize=1023 kw=DIRECTIONAL ok=1
Cmd: compileSnippet
  api=8 type=0 insize=3451 outsize=4177 kw=DIRECTIONAL ok=1
Cmd: compileSnippet
  api=0 type=0 insize=3451 outsize=1314 kw=POINT_COOKIE ok=1
Cmd: compileSnippet
  api=8 type=0 insize=3451 outsize=5330 kw=POINT_COOKIE ok=1
Cmd: compileSnippet
  api=1 type=1 insize=3451 outsize=996 kw=POINT ok=1
Cmd: compileSnippet
  api=1 type=1 insize=3451 outsize=844 kw=DIRECTIONAL ok=1
Cmd: compileSnippet
  api=1 type=1 insize=3451 outsize=1150 kw=SPOT ok=1
Cmd: compileSnippet
  api=8 type=1 insize=3451 outsize=5241 kw=SPOT ok=1
Cmd: compileSnippet
  api=8 type=1 insize=3451 outsize=4331 kw=DIRECTIONAL_COOKIE ok=1
Unhandled exception: Readfile from pipe failed. GLE=The pipe has been ended.


Quitting shader compiler process
