Base path: C:/Program Files (x86)/Unity/Editor/Data
Pipe name: \\.\pipe\UnityShaderCompiler-2-2948
Cmd: getPlatforms
Cmd: compileSnippet
  api=1 type=0 insize=5911 outsize=1036 kw=DIRECTIONAL LIGHTMAP_OFF DIRLIGHTMAP_OFF ok=1
Cmd: compileSnippet
  api=8 type=0 insize=5911 outsize=3843 kw=DIRECTIONAL LIGHTMAP_ON DIRLIGHTMAP_OFF ok=1
Cmd: compileSnippet
  api=4 type=0 insize=5911 outsize=5954 kw=DIRECTIONAL LIGHTMAP_OFF DIRLIGHTMAP_OFF VERTEXLIGHT_ON ok=1
Cmd: compileSnippet
  api=8 type=1 insize=5911 outsize=5460 kw=DIRECTIONAL LIGHTMAP_OFF DIRLIGHTMAP_OFF ok=1
Cmd: compileSnippet
  api=8 type=0 insize=3451 outsize=5330 kw=POINT ok=1
Cmd: compileSnippet
  api=4 type=0 insize=3451 outsize=3630 kw=SPOT ok=1
Cmd: compileSnippet
  api=4 type=0 insize=3451 outsize=3630 kw=POINT_COOKIE ok=1
Cmd: compileSnippet
  api=4 type=0 insize=3451 outsize=3541 kw=DIRECTIONAL_COOKIE ok=1
Cmd: compileSnippet
  api=0 type=1 insize=3451 outsize=1022 kw=DIRECTIONAL ok=1
Cmd: compileSnippet
  api=8 type=1 insize=3451 outsize=3949 kw=DIRECTIONAL ok=1
Cmd: compileSnippet
  api=1 type=1 insize=3451 outsize=1057 kw=POINT_COOKIE ok=1
Cmd: compileSnippet
  api=0 type=1 insize=3451 outsize=1082 kw=DIRECTIONAL_COOKIE ok=1
Cmd: compileSnippet
  api=4 type=1 insize=3451 outsize=2850 kw=DIRECTIONAL_COOKIE ok=1
Unhandled exception: Readfile from pipe failed. GLE=The pipe has been ended.


Quitting shader compiler process
